# JRE version: OpenJDK Runtime Environment (8.0_202-b03) (build 1.8.0_202-release-1483-b03)
# Java VM: OpenJDK 64-Bit Server VM (25.202-b03 mixed mode windows-amd64 compressed oops)
Heap:
 PSYoungGen      total 79360K, used 68457K [0x00000000d5f80000, 0x00000000dcd80000, 0x0000000100000000)
  eden space 63488K, 82% used [0x00000000d5f80000,0x00000000d92dd280,0x00000000d9d80000)
  from space 15872K, 99% used [0x00000000db080000,0x00000000dbffd558,0x00000000dc000000)
  to   space 19456K, 0% used [0x00000000d9d80000,0x00000000d9d80000,0x00000000db080000)
 ParOldGen       total 115712K, used 24277K [0x0000000081e00000, 0x0000000088f00000, 0x00000000d5f80000)
  object space 115712K, 20% used [0x0000000081e00000,0x00000000835b5628,0x0000000088f00000)
 Metaspace       used 47344K, capacity 48163K, committed 48688K, reserved 1091584K
  class space    used 5884K, capacity 6104K, committed 6192K, reserved 1048576K
GC Heap History (10 events):
Event: 4.949 GC heap before
{Heap before GC invocations=6 (full 1):
 PSYoungGen      total 38400K, used 38380K [0x00000000d5f80000, 0x00000000d9680000, 0x0000000100000000)
  eden space 33280K, 100% used [0x00000000d5f80000,0x00000000d8000000,0x00000000d8000000)
  from space 5120K, 99% used [0x00000000d8500000,0x00000000d89fb2e8,0x00000000d8a00000)
  to   space 5120K, 0% used [0x00000000d8000000,0x00000000d8000000,0x00000000d8500000)
 ParOldGen       total 69632K, used 11611K [0x0000000081e00000, 0x0000000086200000, 0x00000000d5f80000)
  object space 69632K, 16% used [0x0000000081e00000,0x0000000082956ec8,0x0000000086200000)
 Metaspace       used 30677K, capacity 31133K, committed 31536K, reserved 1077248K
  class space    used 3915K, capacity 4082K, committed 4144K, reserved 1048576K
Event: 4.959 GC heap after
Heap after GC invocations=6 (full 1):
 PSYoungGen      total 38400K, used 5090K [0x00000000d5f80000, 0x00000000da980000, 0x0000000100000000)
  eden space 33280K, 0% used [0x00000000d5f80000,0x00000000d5f80000,0x00000000d8000000)
  from space 5120K, 99% used [0x00000000d8000000,0x00000000d84f8918,0x00000000d8500000)
  to   space 13824K, 0% used [0x00000000d9c00000,0x00000000d9c00000,0x00000000da980000)
 ParOldGen       total 69632K, used 20264K [0x0000000081e00000, 0x0000000086200000, 0x00000000d5f80000)
  object space 69632K, 29% used [0x0000000081e00000,0x00000000831ca2b0,0x0000000086200000)
 Metaspace       used 30677K, capacity 31133K, committed 31536K, reserved 1077248K
  class space    used 3915K, capacity 4082K, committed 4144K, reserved 1048576K
}
Event: 5.336 GC heap before
{Heap before GC invocations=7 (full 1):
 PSYoungGen      total 38400K, used 24958K [0x00000000d5f80000, 0x00000000da980000, 0x0000000100000000)
  eden space 33280K, 59% used [0x00000000d5f80000,0x00000000d72e70e8,0x00000000d8000000)
  from space 5120K, 99% used [0x00000000d8000000,0x00000000d84f8918,0x00000000d8500000)
  to   space 13824K, 0% used [0x00000000d9c00000,0x00000000d9c00000,0x00000000da980000)
 ParOldGen       total 69632K, used 20264K [0x0000000081e00000, 0x0000000086200000, 0x00000000d5f80000)
  object space 69632K, 29% used [0x0000000081e00000,0x00000000831ca2b0,0x0000000086200000)
 Metaspace       used 34661K, capacity 35159K, committed 35496K, reserved 1081344K
  class space    used 4417K, capacity 4578K, committed 4656K, reserved 1048576K
Event: 5.350 GC heap after
Heap after GC invocations=7 (full 1):
 PSYoungGen      total 62464K, used 10216K [0x00000000d5f80000, 0x00000000dac00000, 0x0000000100000000)
  eden space 48640K, 0% used [0x00000000d5f80000,0x00000000d5f80000,0x00000000d8f00000)
  from space 13824K, 73% used [0x00000000d9c00000,0x00000000da5fa090,0x00000000da980000)
  to   space 13312K, 0% used [0x00000000d8f00000,0x00000000d8f00000,0x00000000d9c00000)
 ParOldGen       total 69632K, used 20272K [0x0000000081e00000, 0x0000000086200000, 0x00000000d5f80000)
  object space 69632K, 29% used [0x0000000081e00000,0x00000000831cc2b0,0x0000000086200000)
 Metaspace       used 34661K, capacity 35159K, committed 35496K, reserved 1081344K
  class space    used 4417K, capacity 4578K, committed 4656K, reserved 1048576K
}
Event: 5.350 GC heap before
{Heap before GC invocations=8 (full 2):
 PSYoungGen      total 62464K, used 10216K [0x00000000d5f80000, 0x00000000dac00000, 0x0000000100000000)
  eden space 48640K, 0% used [0x00000000d5f80000,0x00000000d5f80000,0x00000000d8f00000)
  from space 13824K, 73% used [0x00000000d9c00000,0x00000000da5fa090,0x00000000da980000)
  to   space 13312K, 0% used [0x00000000d8f00000,0x00000000d8f00000,0x00000000d9c00000)
 ParOldGen       total 69632K, used 20272K [0x0000000081e00000, 0x0000000086200000, 0x00000000d5f80000)
  object space 69632K, 29% used [0x0000000081e00000,0x00000000831cc2b0,0x0000000086200000)
 Metaspace       used 34661K, capacity 35159K, committed 35496K, reserved 1081344K
  class space    used 4417K, capacity 4578K, committed 4656K, reserved 1048576K
Event: 5.414 GC heap after
Heap after GC invocations=8 (full 2):
 PSYoungGen      total 62464K, used 0K [0x00000000d5f80000, 0x00000000dac00000, 0x0000000100000000)
  eden space 48640K, 0% used [0x00000000d5f80000,0x00000000d5f80000,0x00000000d8f00000)
  from space 13824K, 0% used [0x00000000d9c00000,0x00000000d9c00000,0x00000000da980000)
  to   space 13312K, 0% used [0x00000000d8f00000,0x00000000d8f00000,0x00000000d9c00000)
 ParOldGen       total 115712K, used 18181K [0x0000000081e00000, 0x0000000088f00000, 0x00000000d5f80000)
  object space 115712K, 15% used [0x0000000081e00000,0x0000000082fc1700,0x0000000088f00000)
 Metaspace       used 34661K, capacity 35159K, committed 35496K, reserved 1081344K
  class space    used 4417K, capacity 4578K, committed 4656K, reserved 1048576K
}
Event: 6.437 GC heap before
{Heap before GC invocations=9 (full 2):
 PSYoungGen      total 62464K, used 48640K [0x00000000d5f80000, 0x00000000dac00000, 0x0000000100000000)
  eden space 48640K, 100% used [0x00000000d5f80000,0x00000000d8f00000,0x00000000d8f00000)
  from space 13824K, 0% used [0x00000000d9c00000,0x00000000d9c00000,0x00000000da980000)
  to   space 13312K, 0% used [0x00000000d8f00000,0x00000000d8f00000,0x00000000d9c00000)
 ParOldGen       total 115712K, used 18181K [0x0000000081e00000, 0x0000000088f00000, 0x00000000d5f80000)
  object space 115712K, 15% used [0x0000000081e00000,0x0000000082fc1700,0x0000000088f00000)
 Metaspace       used 40755K, capacity 41435K, committed 41904K, reserved 1085440K
  class space    used 5232K, capacity 5442K, committed 5552K, reserved 1048576K
Event: 6.449 GC heap after
Heap after GC invocations=9 (full 2):
 PSYoungGen      total 61952K, used 13296K [0x00000000d5f80000, 0x00000000dc000000, 0x0000000100000000)
  eden space 48640K, 0% used [0x00000000d5f80000,0x00000000d5f80000,0x00000000d8f00000)
  from space 13312K, 99% used [0x00000000d8f00000,0x00000000d9bfc3c8,0x00000000d9c00000)
  to   space 15872K, 0% used [0x00000000db080000,0x00000000db080000,0x00000000dc000000)
 ParOldGen       total 115712K, used 20877K [0x0000000081e00000, 0x0000000088f00000, 0x00000000d5f80000)
  object space 115712K, 18% used [0x0000000081e00000,0x0000000083263650,0x0000000088f00000)
 Metaspace       used 40755K, capacity 41435K, committed 41904K, reserved 1085440K
  class space    used 5232K, capacity 5442K, committed 5552K, reserved 1048576K
}
Event: 7.079 GC heap before
{Heap before GC invocations=10 (full 2):
 PSYoungGen      total 61952K, used 61936K [0x00000000d5f80000, 0x00000000dc000000, 0x0000000100000000)
  eden space 48640K, 100% used [0x00000000d5f80000,0x00000000d8f00000,0x00000000d8f00000)
  from space 13312K, 99% used [0x00000000d8f00000,0x00000000d9bfc3c8,0x00000000d9c00000)
  to   space 15872K, 0% used [0x00000000db080000,0x00000000db080000,0x00000000dc000000)
 ParOldGen       total 115712K, used 20877K [0x0000000081e00000, 0x0000000088f00000, 0x00000000d5f80000)
  object space 115712K, 18% used [0x0000000081e00000,0x0000000083263650,0x0000000088f00000)
 Metaspace       used 44710K, capacity 45401K, committed 45872K, reserved 1089536K
  class space    used 5725K, capacity 5921K, committed 5936K, reserved 1048576K
Event: 7.121 GC heap after
Heap after GC invocations=10 (full 2):
 PSYoungGen      total 79360K, used 15861K [0x00000000d5f80000, 0x00000000dcd80000, 0x0000000100000000)
  eden space 63488K, 0% used [0x00000000d5f80000,0x00000000d5f80000,0x00000000d9d80000)
  from space 15872K, 99% used [0x00000000db080000,0x00000000dbffd558,0x00000000dc000000)
  to   space 19456K, 0% used [0x00000000d9d80000,0x00000000d9d80000,0x00000000db080000)
 ParOldGen       total 115712K, used 24277K [0x0000000081e00000, 0x0000000088f00000, 0x00000000d5f80000)
  object space 115712K, 20% used [0x0000000081e00000,0x00000000835b5628,0x0000000088f00000)
 Metaspace       used 44710K, capacity 45401K, committed 45872K, reserved 1089536K
  class space    used 5725K, capacity 5921K, committed 5936K, reserved 1048576K
}

